
*** Running vivado
    with args -log blk_mem_gen_1.vds -m64 -product Vivado -mode batch -messageDb vivado.pb -notrace -source blk_mem_gen_1.tcl


****** Vivado v2017.1 (64-bit)
  **** SW Build 1846317 on Fri Apr 14 18:55:03 MDT 2017
  **** IP Build 1846188 on Fri Apr 14 20:52:08 MDT 2017
    ** Copyright 1986-2017 Xilinx, Inc. All Rights Reserved.

source blk_mem_gen_1.tcl -notrace
Starting RTL Elaboration : Time (s): cpu = 00:00:07 ; elapsed = 00:00:08 . Memory (MB): peak = 370.613 ; gain = 81.645
INFO: [Synth 8-638] synthesizing module 'blk_mem_gen_1' [c:/ip_repo/blk_mem_gen_1/synth/blk_mem_gen_1.vhd:73]
INFO: [Synth 8-256] done synthesizing module 'blk_mem_gen_1' (9#1) [c:/ip_repo/blk_mem_gen_1/synth/blk_mem_gen_1.vhd:73]
Finished RTL Elaboration : Time (s): cpu = 00:01:10 ; elapsed = 00:01:12 . Memory (MB): peak = 577.195 ; gain = 288.227
Finished RTL Optimization Phase 1 : Time (s): cpu = 00:01:10 ; elapsed = 00:01:12 . Memory (MB): peak = 577.195 ; gain = 288.227
INFO: [Device 21-403] Loading part xc7z020clg484-1
Constraint Validation Runtime : Time (s): cpu = 00:00:00 ; elapsed = 00:00:00.148 . Memory (MB): peak = 657.590 ; gain = 0.000
Finished Constraint Validation : Time (s): cpu = 00:01:22 ; elapsed = 00:01:27 . Memory (MB): peak = 657.590 ; gain = 368.621
Finished Loading Part and Timing Information : Time (s): cpu = 00:01:22 ; elapsed = 00:01:27 . Memory (MB): peak = 657.590 ; gain = 368.621
Finished applying 'set_property' XDC Constraints : Time (s): cpu = 00:01:22 ; elapsed = 00:01:27 . Memory (MB): peak = 657.590 ; gain = 368.621
Finished RTL Optimization Phase 2 : Time (s): cpu = 00:01:23 ; elapsed = 00:01:27 . Memory (MB): peak = 657.590 ; gain = 368.621
Finished Cross Boundary and Area Optimization : Time (s): cpu = 00:01:23 ; elapsed = 00:01:28 . Memory (MB): peak = 657.590 ; gain = 368.621
Finished Applying XDC Timing Constraints : Time (s): cpu = 00:01:36 ; elapsed = 00:01:41 . Memory (MB): peak = 688.973 ; gain = 400.004
Finished Timing Optimization : Time (s): cpu = 00:01:36 ; elapsed = 00:01:41 . Memory (MB): peak = 688.973 ; gain = 400.004
Finished Technology Mapping : Time (s): cpu = 00:01:36 ; elapsed = 00:01:41 . Memory (MB): peak = 699.113 ; gain = 410.145
Finished IO Insertion : Time (s): cpu = 00:01:37 ; elapsed = 00:01:42 . Memory (MB): peak = 699.113 ; gain = 410.145
Finished Renaming Generated Instances : Time (s): cpu = 00:01:37 ; elapsed = 00:01:42 . Memory (MB): peak = 699.113 ; gain = 410.145
Finished Rebuilding User Hierarchy : Time (s): cpu = 00:01:37 ; elapsed = 00:01:42 . Memory (MB): peak = 699.113 ; gain = 410.145
Finished Renaming Generated Ports : Time (s): cpu = 00:01:37 ; elapsed = 00:01:42 . Memory (MB): peak = 699.113 ; gain = 410.145
Finished Handling Custom Attributes : Time (s): cpu = 00:01:37 ; elapsed = 00:01:42 . Memory (MB): peak = 699.113 ; gain = 410.145
Finished Renaming Generated Nets : Time (s): cpu = 00:01:37 ; elapsed = 00:01:42 . Memory (MB): peak = 699.113 ; gain = 410.145

Report Cell Usage: 
+------+---------+------+
|      |Cell     |Count |
+------+---------+------+
|1     |RAMB36E1 |     1|
+------+---------+------+
Finished Writing Synthesis Report : Time (s): cpu = 00:01:37 ; elapsed = 00:01:42 . Memory (MB): peak = 699.113 ; gain = 410.145
synth_design: Time (s): cpu = 00:01:39 ; elapsed = 00:01:44 . Memory (MB): peak = 711.637 ; gain = 422.668
