
*** Running vivado
    with args -log blk_mem_gen_0.vds -m64 -product Vivado -mode batch -messageDb vivado.pb -notrace -source blk_mem_gen_0.tcl


****** Vivado v2017.1 (64-bit)
  **** SW Build 1846317 on Fri Apr 14 18:55:03 MDT 2017
  **** IP Build 1846188 on Fri Apr 14 20:52:08 MDT 2017
    ** Copyright 1986-2017 Xilinx, Inc. All Rights Reserved.

source blk_mem_gen_0.tcl -notrace
Starting RTL Elaboration : Time (s): cpu = 00:00:06 ; elapsed = 00:00:09 . Memory (MB): peak = 370.559 ; gain = 80.660
INFO: [Synth 8-638] synthesizing module 'blk_mem_gen_0' [c:/ip_repo/blk_mem_gen_0/synth/blk_mem_gen_0.vhd:68]
INFO: [Synth 8-256] done synthesizing module 'blk_mem_gen_0' (9#1) [c:/ip_repo/blk_mem_gen_0/synth/blk_mem_gen_0.vhd:68]
Finished RTL Elaboration : Time (s): cpu = 00:01:09 ; elapsed = 00:01:13 . Memory (MB): peak = 577.172 ; gain = 287.273
Finished RTL Optimization Phase 1 : Time (s): cpu = 00:01:09 ; elapsed = 00:01:13 . Memory (MB): peak = 577.172 ; gain = 287.273
INFO: [Device 21-403] Loading part xc7z020clg484-1
Constraint Validation Runtime : Time (s): cpu = 00:00:00 ; elapsed = 00:00:00.166 . Memory (MB): peak = 658.609 ; gain = 0.000
Finished Constraint Validation : Time (s): cpu = 00:01:22 ; elapsed = 00:01:29 . Memory (MB): peak = 658.609 ; gain = 368.711
Finished Loading Part and Timing Information : Time (s): cpu = 00:01:22 ; elapsed = 00:01:29 . Memory (MB): peak = 658.609 ; gain = 368.711
Finished applying 'set_property' XDC Constraints : Time (s): cpu = 00:01:22 ; elapsed = 00:01:29 . Memory (MB): peak = 658.609 ; gain = 368.711
Finished RTL Optimization Phase 2 : Time (s): cpu = 00:01:22 ; elapsed = 00:01:29 . Memory (MB): peak = 658.609 ; gain = 368.711
Finished Cross Boundary and Area Optimization : Time (s): cpu = 00:01:23 ; elapsed = 00:01:29 . Memory (MB): peak = 658.609 ; gain = 368.711
Finished Applying XDC Timing Constraints : Time (s): cpu = 00:01:37 ; elapsed = 00:01:44 . Memory (MB): peak = 688.992 ; gain = 399.094
Finished Timing Optimization : Time (s): cpu = 00:01:37 ; elapsed = 00:01:44 . Memory (MB): peak = 689.992 ; gain = 400.094
Finished Technology Mapping : Time (s): cpu = 00:01:37 ; elapsed = 00:01:44 . Memory (MB): peak = 699.133 ; gain = 409.234
Finished IO Insertion : Time (s): cpu = 00:01:37 ; elapsed = 00:01:45 . Memory (MB): peak = 699.133 ; gain = 409.234
Finished Renaming Generated Instances : Time (s): cpu = 00:01:37 ; elapsed = 00:01:45 . Memory (MB): peak = 699.133 ; gain = 409.234
Finished Rebuilding User Hierarchy : Time (s): cpu = 00:01:37 ; elapsed = 00:01:45 . Memory (MB): peak = 699.133 ; gain = 409.234
Finished Renaming Generated Ports : Time (s): cpu = 00:01:37 ; elapsed = 00:01:45 . Memory (MB): peak = 699.133 ; gain = 409.234
Finished Handling Custom Attributes : Time (s): cpu = 00:01:37 ; elapsed = 00:01:45 . Memory (MB): peak = 699.133 ; gain = 409.234
Finished Renaming Generated Nets : Time (s): cpu = 00:01:37 ; elapsed = 00:01:45 . Memory (MB): peak = 699.133 ; gain = 409.234

Report Cell Usage: 
+------+---------+------+
|      |Cell     |Count |
+------+---------+------+
|1     |RAMB36E1 |     1|
+------+---------+------+
Finished Writing Synthesis Report : Time (s): cpu = 00:01:37 ; elapsed = 00:01:45 . Memory (MB): peak = 699.133 ; gain = 409.234
synth_design: Time (s): cpu = 00:01:40 ; elapsed = 00:01:47 . Memory (MB): peak = 711.656 ; gain = 421.758
