
*** Running vivado
    with args -log blk_mem_gen_1.vds -m64 -product Vivado -mode batch -messageDb vivado.pb -notrace -source blk_mem_gen_1.tcl


****** Vivado v2017.1 (64-bit)
  **** SW Build 1846317 on Fri Apr 14 18:55:03 MDT 2017
  **** IP Build 1846188 on Fri Apr 14 20:52:08 MDT 2017
    ** Copyright 1986-2017 Xilinx, Inc. All Rights Reserved.

source blk_mem_gen_1.tcl -notrace
Starting RTL Elaboration : Time (s): cpu = 00:00:08 ; elapsed = 00:00:09 . Memory (MB): peak = 371.059 ; gain = 82.039
INFO: [Synth 8-638] synthesizing module 'blk_mem_gen_1' [c:/ip_repo/blk_mem_gen_1/synth/blk_mem_gen_1.vhd:73]
INFO: [Synth 8-256] done synthesizing module 'blk_mem_gen_1' (9#1) [c:/ip_repo/blk_mem_gen_1/synth/blk_mem_gen_1.vhd:73]
Finished RTL Elaboration : Time (s): cpu = 00:01:05 ; elapsed = 00:01:07 . Memory (MB): peak = 577.672 ; gain = 288.652
Finished RTL Optimization Phase 1 : Time (s): cpu = 00:01:06 ; elapsed = 00:01:07 . Memory (MB): peak = 577.672 ; gain = 288.652
INFO: [Device 21-403] Loading part xc7z020clg484-1
Constraint Validation Runtime : Time (s): cpu = 00:00:00 ; elapsed = 00:00:00.033 . Memory (MB): peak = 658.082 ; gain = 0.000
Finished Constraint Validation : Time (s): cpu = 00:01:20 ; elapsed = 00:01:23 . Memory (MB): peak = 658.082 ; gain = 369.063
Finished Loading Part and Timing Information : Time (s): cpu = 00:01:20 ; elapsed = 00:01:23 . Memory (MB): peak = 658.082 ; gain = 369.063
Finished applying 'set_property' XDC Constraints : Time (s): cpu = 00:01:20 ; elapsed = 00:01:23 . Memory (MB): peak = 658.082 ; gain = 369.063
Finished RTL Optimization Phase 2 : Time (s): cpu = 00:01:21 ; elapsed = 00:01:24 . Memory (MB): peak = 658.082 ; gain = 369.063
Finished Cross Boundary and Area Optimization : Time (s): cpu = 00:01:21 ; elapsed = 00:01:24 . Memory (MB): peak = 658.082 ; gain = 369.063
Finished Applying XDC Timing Constraints : Time (s): cpu = 00:01:35 ; elapsed = 00:01:38 . Memory (MB): peak = 688.465 ; gain = 399.445
Finished Timing Optimization : Time (s): cpu = 00:01:35 ; elapsed = 00:01:38 . Memory (MB): peak = 688.465 ; gain = 399.445
Finished Technology Mapping : Time (s): cpu = 00:01:35 ; elapsed = 00:01:38 . Memory (MB): peak = 699.609 ; gain = 410.590
Finished IO Insertion : Time (s): cpu = 00:01:36 ; elapsed = 00:01:39 . Memory (MB): peak = 699.609 ; gain = 410.590
Finished Renaming Generated Instances : Time (s): cpu = 00:01:36 ; elapsed = 00:01:39 . Memory (MB): peak = 699.609 ; gain = 410.590
Finished Rebuilding User Hierarchy : Time (s): cpu = 00:01:36 ; elapsed = 00:01:39 . Memory (MB): peak = 699.609 ; gain = 410.590
Finished Renaming Generated Ports : Time (s): cpu = 00:01:36 ; elapsed = 00:01:39 . Memory (MB): peak = 699.609 ; gain = 410.590
Finished Handling Custom Attributes : Time (s): cpu = 00:01:36 ; elapsed = 00:01:39 . Memory (MB): peak = 699.609 ; gain = 410.590
Finished Renaming Generated Nets : Time (s): cpu = 00:01:36 ; elapsed = 00:01:39 . Memory (MB): peak = 699.609 ; gain = 410.590

Report Cell Usage: 
+------+---------+------+
|      |Cell     |Count |
+------+---------+------+
|1     |RAMB36E1 |     1|
+------+---------+------+
Finished Writing Synthesis Report : Time (s): cpu = 00:01:36 ; elapsed = 00:01:39 . Memory (MB): peak = 699.609 ; gain = 410.590
synth_design: Time (s): cpu = 00:01:38 ; elapsed = 00:01:41 . Memory (MB): peak = 712.133 ; gain = 423.113
