
*** Running vivado
    with args -log blk_mem_gen_3.vds -m64 -product Vivado -mode batch -messageDb vivado.pb -notrace -source blk_mem_gen_3.tcl


****** Vivado v2017.1 (64-bit)
  **** SW Build 1846317 on Fri Apr 14 18:55:03 MDT 2017
  **** IP Build 1846188 on Fri Apr 14 20:52:08 MDT 2017
    ** Copyright 1986-2017 Xilinx, Inc. All Rights Reserved.

source blk_mem_gen_3.tcl -notrace
Starting RTL Elaboration : Time (s): cpu = 00:00:06 ; elapsed = 00:00:09 . Memory (MB): peak = 371.355 ; gain = 82.172
INFO: [Synth 8-638] synthesizing module 'blk_mem_gen_3' [c:/ip_repo/blk_mem_gen_3/synth/blk_mem_gen_3.vhd:68]
INFO: [Synth 8-256] done synthesizing module 'blk_mem_gen_3' (9#1) [c:/ip_repo/blk_mem_gen_3/synth/blk_mem_gen_3.vhd:68]
Finished RTL Elaboration : Time (s): cpu = 00:01:04 ; elapsed = 00:01:08 . Memory (MB): peak = 577.953 ; gain = 288.770
Finished RTL Optimization Phase 1 : Time (s): cpu = 00:01:04 ; elapsed = 00:01:08 . Memory (MB): peak = 577.953 ; gain = 288.770
INFO: [Device 21-403] Loading part xc7z020clg484-1
Constraint Validation Runtime : Time (s): cpu = 00:00:00 ; elapsed = 00:00:00.257 . Memory (MB): peak = 658.184 ; gain = 0.000
Finished Constraint Validation : Time (s): cpu = 00:01:19 ; elapsed = 00:01:31 . Memory (MB): peak = 658.184 ; gain = 369.000
Finished Loading Part and Timing Information : Time (s): cpu = 00:01:19 ; elapsed = 00:01:31 . Memory (MB): peak = 658.184 ; gain = 369.000
Finished applying 'set_property' XDC Constraints : Time (s): cpu = 00:01:19 ; elapsed = 00:01:31 . Memory (MB): peak = 658.184 ; gain = 369.000
Finished RTL Optimization Phase 2 : Time (s): cpu = 00:01:19 ; elapsed = 00:01:31 . Memory (MB): peak = 658.184 ; gain = 369.000
Finished Cross Boundary and Area Optimization : Time (s): cpu = 00:01:20 ; elapsed = 00:01:32 . Memory (MB): peak = 658.184 ; gain = 369.000
Finished Applying XDC Timing Constraints : Time (s): cpu = 00:01:34 ; elapsed = 00:01:46 . Memory (MB): peak = 686.566 ; gain = 397.383
Finished Timing Optimization : Time (s): cpu = 00:01:34 ; elapsed = 00:01:46 . Memory (MB): peak = 686.566 ; gain = 397.383
Finished Technology Mapping : Time (s): cpu = 00:01:34 ; elapsed = 00:01:46 . Memory (MB): peak = 696.711 ; gain = 407.527
Finished IO Insertion : Time (s): cpu = 00:01:35 ; elapsed = 00:01:47 . Memory (MB): peak = 696.711 ; gain = 407.527
Finished Renaming Generated Instances : Time (s): cpu = 00:01:35 ; elapsed = 00:01:47 . Memory (MB): peak = 696.711 ; gain = 407.527
Finished Rebuilding User Hierarchy : Time (s): cpu = 00:01:35 ; elapsed = 00:01:47 . Memory (MB): peak = 696.711 ; gain = 407.527
Finished Renaming Generated Ports : Time (s): cpu = 00:01:35 ; elapsed = 00:01:47 . Memory (MB): peak = 696.711 ; gain = 407.527
Finished Handling Custom Attributes : Time (s): cpu = 00:01:35 ; elapsed = 00:01:47 . Memory (MB): peak = 696.711 ; gain = 407.527
Finished Renaming Generated Nets : Time (s): cpu = 00:01:35 ; elapsed = 00:01:47 . Memory (MB): peak = 696.711 ; gain = 407.527

Report Cell Usage: 
+------+---------+------+
|      |Cell     |Count |
+------+---------+------+
|1     |RAMB18E1 |     1|
+------+---------+------+
Finished Writing Synthesis Report : Time (s): cpu = 00:01:35 ; elapsed = 00:01:47 . Memory (MB): peak = 696.711 ; gain = 407.527
synth_design: Time (s): cpu = 00:01:37 ; elapsed = 00:01:50 . Memory (MB): peak = 711.234 ; gain = 422.051
